INFO 2020-01-05 07:01:47,547 autoreload 597 Watching for file changes with StatReloader
INFO 2020-01-05 07:02:00,594 autoreload 597 Watching for file changes with StatReloader
INFO 2020-01-05 07:02:33,314 basehttp 154 "GET / HTTP/1.1" 200 16348
WARNING 2020-01-05 07:02:42,118 log 228 Not Found: /favicon.ico
WARNING 2020-01-05 07:02:42,118 basehttp 154 "GET /favicon.ico HTTP/1.1" 404 1972
INFO 2020-01-05 07:03:19,137 autoreload 597 Watching for file changes with StatReloader
INFO 2020-01-05 07:03:32,007 autoreload 597 Watching for file changes with StatReloader
INFO 2020-01-06 04:25:40,026 autoreload 597 Watching for file changes with StatReloader
INFO 2020-01-06 04:37:06,643 autoreload 597 Watching for file changes with StatReloader
INFO 2020-01-06 04:37:39,059 autoreload 597 Watching for file changes with StatReloader
INFO 2020-01-06 04:38:31,547 autoreload 597 Watching for file changes with StatReloader
INFO 2020-01-06 04:39:27,739 autoreload 217 /home/moluo/Desktop/GR/guorou/guorou/settings.py changed, reloading.
INFO 2020-01-06 04:39:28,127 autoreload 597 Watching for file changes with StatReloader
INFO 2020-01-06 04:39:45,414 autoreload 597 Watching for file changes with StatReloader
INFO 2020-01-06 04:40:56,383 autoreload 217 /home/moluo/Desktop/GR/guorou/guorou/settings.py changed, reloading.
INFO 2020-01-06 04:40:56,759 autoreload 597 Watching for file changes with StatReloader
INFO 2020-01-06 04:41:13,055 autoreload 597 Watching for file changes with StatReloader
INFO 2020-01-06 04:47:00,275 autoreload 597 Watching for file changes with StatReloader
INFO 2020-01-06 04:50:11,146 autoreload 597 Watching for file changes with StatReloader
INFO 2020-01-06 04:51:37,352 autoreload 217 /home/moluo/Desktop/GR/guorou/guorou/settings.py changed, reloading.
INFO 2020-01-06 04:51:38,213 autoreload 597 Watching for file changes with StatReloader
INFO 2020-01-06 04:51:40,857 autoreload 597 Watching for file changes with StatReloader
INFO 2020-01-06 04:51:53,453 basehttp 154 "GET / HTTP/1.1" 200 16348
INFO 2020-01-06 04:51:54,371 basehttp 154 "GET /static/admin/css/fonts.css HTTP/1.1" 200 423
INFO 2020-01-06 04:51:54,934 basehttp 154 "GET /static/admin/fonts/Roboto-Bold-webfont.woff HTTP/1.1" 200 86184
INFO 2020-01-06 04:51:54,941 basehttp 154 "GET /static/admin/fonts/Roboto-Regular-webfont.woff HTTP/1.1" 200 85876
INFO 2020-01-06 04:51:54,981 basehttp 154 "GET /static/admin/fonts/Roboto-Light-webfont.woff HTTP/1.1" 200 85692
WARNING 2020-01-06 04:51:55,227 log 228 Not Found: /favicon.ico
WARNING 2020-01-06 04:51:55,228 basehttp 154 "GET /favicon.ico HTTP/1.1" 404 1976
INFO 2020-01-06 05:09:37,023 autoreload 217 /home/moluo/Desktop/GR/guorou/guorou/settings.py changed, reloading.
INFO 2020-01-06 05:09:41,265 autoreload 597 Watching for file changes with StatReloader
INFO 2020-01-06 05:09:49,211 autoreload 597 Watching for file changes with StatReloader
INFO 2020-01-06 05:09:58,393 autoreload 597 Watching for file changes with StatReloader
INFO 2020-01-06 05:10:08,326 autoreload 597 Watching for file changes with StatReloader
INFO 2020-01-06 05:10:14,839 autoreload 217 /home/moluo/Desktop/GR/guorou/guorou/settings.py changed, reloading.
INFO 2020-01-06 05:10:15,689 autoreload 597 Watching for file changes with StatReloader
